[INFO] ResolveSudokuGameFieldTest.main - Game field at start 
 --- --- --- --- --- --- --- --- --- 
| 8 | 4 |   |   | 5 |   |   |   | 2 |
 --- --- --- --- --- --- --- --- --- 
|   | 5 |   |   |   | 9 |   | 3 | 6 |
 --- --- --- --- --- --- --- --- --- 
|   |   | 2 | 8 |   | 6 | 4 |   |   |
 --- --- --- --- --- --- --- --- --- 
|   | 6 | 8 |   | 1 |   | 5 |   |   |
 --- --- --- --- --- --- --- --- --- 
| 9 |   |   | 5 |   |   |   |   | 4 |
 --- --- --- --- --- --- --- --- --- 
|   |   | 3 |   | 6 |   | 7 | 1 |   |
 --- --- --- --- --- --- --- --- --- 
|   |   | 9 | 1 |   | 7 | 3 |   |   |
 --- --- --- --- --- --- --- --- --- 
| 2 | 1 |   | 4 |   |   |   | 8 |   |
 --- --- --- --- --- --- --- --- --- 
| 7 |   |   |   | 8 |   |   | 2 | 9 |
 --- --- --- --- --- --- --- --- --- 

